[debug] [2018-10-03T06:59:10.921Z] ----------------------------------------------------------------------
[debug] [2018-10-03T06:59:10.924Z] Command:       C:\Program Files\nodejs\node.exe C:\Program Files\nodejs\node_modules\firebase-tools\bin\firebase serve --only functions,hosting
[debug] [2018-10-03T06:59:10.924Z] CLI Version:   4.2.1
[debug] [2018-10-03T06:59:10.924Z] Platform:      win32
[debug] [2018-10-03T06:59:10.924Z] Node Version:  v10.11.0
[debug] [2018-10-03T06:59:10.925Z] Time:          Wed Oct 03 2018 14:59:10 GMT+0800 (Singapore Standard Time)
[debug] [2018-10-03T06:59:10.925Z] ----------------------------------------------------------------------
[debug] 
[debug] [2018-10-03T06:59:10.937Z] > command requires scopes: ["email","openid","https://www.googleapis.com/auth/cloudplatformprojects.readonly","https://www.googleapis.com/auth/firebase","https://www.googleapis.com/auth/cloud-platform"]
[debug] [2018-10-03T06:59:10.938Z] > authorizing via signed-in user
[debug] [2018-10-03T06:59:10.943Z] >>> HTTP REQUEST GET https://admin.firebase.com/v1/projects/to-do-app-api  
 
[debug] [2018-10-03T06:59:12.391Z] <<< HTTP RESPONSE 200
[debug] [2018-10-03T06:59:12.395Z] >>> HTTP REQUEST GET https://cloudresourcemanager.googleapis.com/v1/projects/to-do-app-api  
 
[debug] [2018-10-03T06:59:13.658Z] <<< HTTP RESPONSE 200
[info] 
[info] === Serving from 'C:\Users\Kanntronics\Documents\Playground\to-do-app-api'...
[info] 
[info] i  functions: Preparing to emulate functions.
[debug] [2018-10-03T06:59:14.222Z] Fetching environment
[debug] [2018-10-03T06:59:14.224Z] >>> HTTP REQUEST GET https://mobilesdk-pa.googleapis.com/v1/projects/98082381773:getServerAppConfig  
 
[debug] [2018-10-03T06:59:14.225Z] >>> HTTP REQUEST GET https://mobilesdk-pa.googleapis.com/v1/projects/98082381773/clients/_:getWebAppConfig  
 
[debug] [2018-10-03T06:59:14.829Z] <<< HTTP RESPONSE 200
[debug] [2018-10-03T06:59:14.863Z] <<< HTTP RESPONSE 200
[debug] [2018-10-03T06:59:14.864Z] Starting @google-cloud/functions-emulator
[info] i  hosting[to-do-app-api]: Serving hosting files from: public
[info] +  hosting[to-do-app-api]: Local server: http://localhost:5000
[debug] [2018-10-03T06:59:16.445Z] Parsing function triggers
[info] +  functions: app: http://localhost:5001/to-do-app-api/us-central1/app
[info] [hosting] Rewriting /home to local function app
[info] [hosting] Rewriting /favicon.ico to local function app
[info] [hosting] Rewriting /home to local function app
[info] [hosting] Rewriting /api/courses to local function app
[info] [hosting] Rewriting /api/courses/3 to local function app
[info] [hosting] Rewriting /api/courses/10 to local function app
[info] [hosting] Rewriting /api/courses to local function app
